<?xml version="1.0" encoding="UTF-8"?>
<testng-results skipped="0" failed="0" ignored="0" total="1" passed="1">
  <reporter-output>
  </reporter-output>
  <suite name="Default suite" duration-ms="4240" started-at="2021-11-01T17:27:20Z" finished-at="2021-11-01T17:27:24Z">
    <groups>
    </groups>
    <test name="Default test" duration-ms="4240" started-at="2021-11-01T17:27:20Z" finished-at="2021-11-01T17:27:24Z">
      <class name="TestCase.SimpleGetTest">
        <test-method status="PASS" signature="GetWeatherDetails()[pri:0, instance:TestCase.SimpleGetTest@61832929]" name="GetWeatherDetails" duration-ms="4192" started-at="2021-11-01T17:27:20Z" finished-at="2021-11-01T17:27:24Z">
          <reporter-output>
          </reporter-output>
        </test-method> <!-- GetWeatherDetails -->
      </class> <!-- TestCase.SimpleGetTest -->
    </test> <!-- Default test -->
  </suite> <!-- Default suite -->
</testng-results>
